Drill Listing
=============
Drill: .01575  Tool: 1  Feed: 95  Speed: 300
X 792640  Y 1124544
X 796763  Y 1125200
X 800178  Y 1125200
X 792640  Y 1128723
X 800178  Y 1128805
X 796763  Y 1128805
X 796763  Y 1132083
X 792640  Y 1132411
X 800178  Y 1132411
X 792640  Y 1135852
X 796763  Y 1136037
X 800126  Y 1136119
X 899802  Y 1175275
X 932969  Y 1168225
X 900474  Y 1168200
X 932294  Y 1109342
X 938439  Y 1108121
X 928515  Y 1105459
X 932294  Y 1105459
X 938439  Y 1102994
X 931939  Y 1100453
X 923259  Y 1100319
X 928040  Y 1100319
X 938090  Y 1097412
X 928040  Y 1097247
X 924205  Y 1096986
X 926614  Y 1094027
X 931939  Y 1094027
X 960585  Y 1084119
X 963463  Y 1084119
X 967595  Y 1084119
X 967150  Y 1088474
X 959713  Y 1088775
X 963463  Y 1088775
X 967150  Y 1092919
X 943759  Y 1097412
X 947771  Y 1097412
X 954313  Y 1097412
X 958587  Y 1097412
X 967150  Y 1097630
X 967150  Y 1101363
X 947771  Y 1102994
X 954051  Y 1102994
X 943672  Y 1102994
X 958587  Y 1102994
X 967150  Y 1105480
X 947684  Y 1108121
X 964510  Y 1108121
X 958412  Y 1108121
X 943236  Y 1108121
X 953528  Y 1108121
X 943198  Y 1165980
X 991804  Y 1147862
X 1032900  Y 1000794
X 1049807  Y 969058
X 1075314  Y 962069
X 1098114  Y 972180
X 1107765  Y 981663
X 1105240  Y 981663
X 1104450  Y 1079635
X 1109006  Y 1079635
X 1113450  Y 1079635
X 1117561  Y 1079635
X 1114172  Y 1084968
X 1109894  Y 1084968
X 1104672  Y 1084968
X 1104672  Y 1089245
X 1109450  Y 1089245
X 1113117  Y 1089245
X 1117116  Y 1089245
X 1113394  Y 1093801
X 1109283  Y 1093801
X 1104117  Y 1093801
X 1104117  Y 1097689
X 1108839  Y 1097689
X 1113065  Y 1097689
X 1113065  Y 1106039
X 1108787  Y 1106039
X 1104010  Y 1106039
X 1104010  Y 1109039
X 1107176  Y 1109872
X 1115176  Y 1109872
X 1104010  Y 1112094
X 1104010  Y 1115411
X 1104010  Y 1118316
X 1112915  Y 1151607
X 1116999  Y 1154797
X 1102080  Y 1164410
X 1104203  Y 1177334
X 1101102  Y 1177334
X 1104203  Y 1180316
X 1100515  Y 1180316
X 1100515  Y 1183641
X 1104203  Y 1183681
X 1104477  Y 1190314
X 1100804  Y 1190314
X 1104477  Y 1194754
X 1144436  Y 1191890
X 1148615  Y 1190907
X 1152683  Y 1190907
X 1144436  Y 1186564
X 1152683  Y 1186154
X 1148615  Y 1185909
X 1144436  Y 1181402
X 1148615  Y 1181320
X 1152683  Y 1181156
X 1152683  Y 1176649
X 1144436  Y 1175912
X 1148615  Y 1175912
X 1152683  Y 1170422
X 1144571  Y 1170422
X 1148894  Y 1169829
X 1152683  Y 1166489
X 1148894  Y 1166144
X 1148894  Y 1162556
X 1152683  Y 1162556
X 1148894  Y 1159524
X 1152683  Y 1159524
X 1118065  Y 1109872
X 1121898  Y 1106039
X 1117787  Y 1106039
X 1117672  Y 1098189
X 1122116  Y 1098189
X 1117672  Y 1093801
X 1122116  Y 1093467
X 1122116  Y 1089245
X 1122227  Y 1084968
X 1118450  Y 1084968
X 1122227  Y 1079635
X 1159427  Y 1064951
X 1145077  Y 1006931
X 1142944  Y 979950
X 1138705  Y 979950
X 1224149  Y 977350
X 1171434  Y 978218
X 1224149  Y 988667
X 1219058  Y 1083004
X 1219058  Y 1086214
X 1219058  Y 1088726
X 1219058  Y 1091517
X 1226856  Y 1095697
X 1222363  Y 1095697
X 1219058  Y 1096000
X 1222363  Y 1099377
X 1219058  Y 1099472
X 1226856  Y 1099483
X 1222363  Y 1103765
X 1226856  Y 1103800
X 1219058  Y 1103937
X 1226856  Y 1107480
X 1222363  Y 1107480
X 1219058  Y 1107566
X 1219058  Y 1111194
X 1226856  Y 1111195
X 1222363  Y 1111266
X 1226856  Y 1114380
X 1222363  Y 1115799
X 1219058  Y 1115799
X 1175375  Y 1115847
X 1171673  Y 1115847
X 1246493  Y 1067006
X 1250187  Y 1062025
X 1246493  Y 1062025
X 1247331  Y 1040276
X 1247331  Y 1036633
X 1247331  Y 1029815
X 1245752  Y 1001866
X 1290054  Y 968016
X 1283201  Y 964644
X 1278887  Y 964429
X 1261776  Y 961213
X 1275510  Y 958516
X 1255345  Y 949748
X 1283020  Y 941972
X 1288325  Y 941972
X 1292538  Y 941972
X 1292538  Y 937031
X 1288325  Y 937031
X 1283020  Y 937031
X 1282968  Y 932350
X 1288377  Y 932350
X 1292538  Y 932350
X 1245948  Y 930730
X 1256724  Y 928679
X 1288325  Y 928189
X 1282968  Y 928189
X 1292486  Y 928189
X 1282707  Y 924258
X 1288221  Y 923977
X 1292486  Y 923977
X 1262496  Y 921836
X 1275062  Y 914762
X 1268185  Y 908194
X 1264470  Y 889369
X 1268185  Y 889369
X 1271051  Y 889369
X 1267008  Y 872636
X 1286535  Y 868502
X 1282174  Y 856902
X 1291506  Y 856902
X 1286186  Y 856902
X 1317429  Y 839568
X 1297088  Y 862484
X 1302910  Y 867660
X 1297088  Y 868502
X 1314562  Y 886851
X 1302365  Y 891590
X 1302365  Y 895677
X 1293584  Y 904741
X 1294801  Y 908623
X 1308929  Y 910129
X 1296769  Y 923977
X 1301900  Y 923977
X 1296907  Y 928189
X 1301900  Y 928189
X 1301952  Y 932350
X 1296959  Y 932350
X 1297011  Y 937031
X 1301952  Y 937031
X 1297167  Y 941972
X 1302264  Y 941972
X 1292875  Y 965359
X 1306985  Y 979242
X 1306908  Y 982671
X 1324083  Y 927350
X 1356145  Y 922399
X 1343481  Y 914744
X 1364156  Y 912695
X 1358972  Y 904412
X 1322726  Y 896663
X 1326529  Y 848002
X 1326529  Y 845406
X 1332082  Y 839568
X 1347086  Y 839568
X 1393624  Y 854129
X 1379275  Y 863300
X 1409982  Y 867224
X 1385199  Y 895801
X 1369483  Y 915837
X 1386608  Y 934433
X 1376167  Y 947971
X 1378992  Y 950282
X 1391504  Y 953627
X 1395976  Y 955818
X 1391504  Y 956727
X 1395976  Y 960788
X 1387961  Y 960788
X 1391504  Y 961322
X 1395976  Y 964742
X 1391504  Y 964742
X 1387961  Y 964742
X 1395976  Y 968749
X 1440711  Y 878195
X 1426431  Y 872521
X 1418187  Y 860773
X 1449791  Y 843120

Drill: .0315  Tool: 2  Feed: 197  Speed: 550
X 1288693  Y 886989
X 1296567  Y 886989
X 999203  Y 952200 X 1009833  Y 952200
X 1048416  Y 952200 X 1059046  Y 952200

Drill: .03937  Tool: 3  Feed: 197  Speed: 550
X 1243977  Y 964442
X 1253977  Y 964442
X 1453900  Y 951907
X 1453900  Y 941907
X 1453900  Y 931907
X 1453900  Y 921907
X 1453900  Y 911907

Drill: .03937  Tool: 4  Feed: 197  Speed: 550
X 884258  Y 1079547
X 884210  Y 1079693
X 884210  Y 1099693
X 884258  Y 1109075
X 936317  Y 1188246
X 936317  Y 1178403
X 922095  Y 1064905
X 908176  Y 1050986
X 940852  Y 927817
X 940852  Y 878817
X 970852  Y 868817
X 1012152  Y 868817
X 982152  Y 878817
X 1023301  Y 878817
X 970852  Y 927817
X 1012152  Y 927817
X 982152  Y 927817
X 1023301  Y 927817
X 1036509  Y 980369
X 1026666  Y 980369
X 1064450  Y 927817
X 1053301  Y 927817
X 1105709  Y 927817
X 1094450  Y 927817
X 1105709  Y 878817
X 1064450  Y 878817
X 1053301  Y 868817
X 1094450  Y 868817
X 1135709  Y 868817
X 1176749  Y 868817
X 1146749  Y 878817
X 1146749  Y 927817
X 1176749  Y 927817
X 1135709  Y 927817
X 1176620  Y 994742
X 1186463  Y 994742
X 1144400  Y 998530
X 1134558  Y 998530
X 1182135  Y 1137871
X 1182135  Y 1147714
X 1287024  Y 1165766
X 1287024  Y 1155924
X 1244077  Y 1101801
X 1234235  Y 1101801
X 1280148  Y 1063376
X 1280148  Y 1053534
X 1271106  Y 1024801
X 1271106  Y 1014958
X 1196305  Y 994742
X 1270929  Y 987725
X 1261086  Y 987725
X 1251244  Y 987725
X 1283485  Y 839893
X 1273643  Y 839893
X 1304009  Y 808101
X 1313852  Y 808101
X 1336793  Y 808101
X 1305444  Y 841722
X 1305444  Y 851564
X 1339451  Y 950282
X 1339451  Y 960125
X 1328543  Y 987809
X 1318701  Y 987809
X 1415498  Y 995211
X 1405655  Y 995211
X 1369252  Y 808101
X 1346636  Y 808101
X 1379095  Y 808101
X 1448414  Y 854817
X 1448414  Y 864660
X 1448414  Y 874502
X 1448414  Y 884345
X 1448414  Y 894187
X 1449102  Y 969801
X 1449102  Y 979644
X 1449212  Y 1001242
X 1449212  Y 1011085

Drill: .04724  Tool: 5  Feed: 139  Speed: 550
X 842665  Y 922177
X 813848  Y 931579
X 814172  Y 954300
X 829064  Y 982324
X 829064  Y 1021694
X 855233  Y 1048909
X 796178  Y 1048909
X 823030  Y 1142755
X 852260  Y 1155283
X 880245  Y 1021694
X 921077  Y 1011024
X 899996  Y 1001860
X 942007  Y 990094
X 880245  Y 982324
X 920927  Y 980930
X 873227  Y 954300
X 991397  Y 1033061
X 991397  Y 1062982
X 991397  Y 1082982
X 991397  Y 1097943
X 997410  Y 1130219
X 1027010  Y 1130219
X 1108729  Y 1135410
X 1073610  Y 1130532
X 1044010  Y 1130532
X 1108729  Y 1115724
X 1071318  Y 1103061
X 1071318  Y 1083376
X 1071318  Y 1063691
X 1071318  Y 1044006
X 1103603  Y 1033227
X 1191580  Y 876559
X 1191580  Y 924590
X 1185296  Y 1025423
X 1123289  Y 1033227
X 1146696  Y 1036254
X 1163666  Y 1053224
X 1155284  Y 1073718
X 1138314  Y 1090689
X 1149790  Y 1111101
X 1149790  Y 1130787
X 1258105  Y 1186974
X 1230999  Y 1175021
X 1206999  Y 1175021
X 1218168  Y 1136952
X 1242168  Y 1136952
X 1260181  Y 1130528
X 1204982  Y 1025423
X 1215202  Y 932464
X 1238824  Y 924590
X 1357134  Y 1001334
X 1376820  Y 1001334
X 1277898  Y 1130528
X 1275821  Y 1186974

Drill: .06299  Tool: 6  Feed: 89  Speed: 550
X 909837  Y 879186
X 909837  Y 918556
X 1407075  Y 804769
X 1422675  Y 804769
X 1438275  Y 804769
X 909837  Y 853793 X 909837  Y 857336
X 909837  Y 941391 X 909837  Y 942966

Drill: .07087  Tool: 7  Feed: 81  Speed: 550
X 827700  Y 863864
X 857228  Y 863864
X 937281  Y 972908
X 959177  Y 832680
X 988704  Y 832680
X 1008389  Y 832680
X 1028074  Y 832680
X 1076954  Y 803543
X 1123103  Y 803543
X 1076954  Y 833070
X 1123103  Y 833070
X 1085440  Y 989898
X 1085440  Y 1005498
X 1170431  Y 833070
X 1218375  Y 833070
X 1170431  Y 803543
X 1218375  Y 803543
X 1315768  Y 994946
X 1331368  Y 994946
X 1402449  Y 1001332
X 1418049  Y 1001332
X 959184  Y 843701 X 959184  Y 841732
X 959184  Y 823701 X 959184  Y 821732
X 1028050  Y 843668 X 1028050  Y 841699
X 1028050  Y 823668 X 1028050  Y 821699
X 1008366  Y 843627 X 1008366  Y 841658
X 1008366  Y 823627 X 1008366  Y 821658
X 988689  Y 843739 X 988689  Y 841771
X 988689  Y 823739 X 988689  Y 821771
X 1065846  Y 834917 X 1067815  Y 834917
X 1085846  Y 834917 X 1087815  Y 834917
X 1112041  Y 805413 X 1114009  Y 805413
X 1132041  Y 805413 X 1134009  Y 805413
X 1112087  Y 834998 X 1114056  Y 834998
X 1132087  Y 834998 X 1134056  Y 834998
X 1065991  Y 805418 X 1067959  Y 805418
X 1085991  Y 805418 X 1087959  Y 805418
X 1159419  Y 835418 X 1161387  Y 835418
X 1179419  Y 835418 X 1181387  Y 835418
X 857212  Y 852947 X 857212  Y 854916
X 857212  Y 872947 X 857212  Y 874916
X 827698  Y 852831 X 827698  Y 854800
X 827698  Y 872831 X 827698  Y 874800
X 1159472  Y 805889 X 1161440  Y 805889
X 1179472  Y 805889 X 1181440  Y 805889
X 1207584  Y 835469 X 1209552  Y 835469
X 1227584  Y 835469 X 1229552  Y 835469
X 1207289  Y 805860 X 1209258  Y 805860
X 1227289  Y 805860 X 1229258  Y 805860
X 1421274  Y 1012518 X 1421274  Y 1010550
X 1421274  Y 992518 X 1421274  Y 990550
X 1399643  Y 991152 X 1399643  Y 993120
X 1399643  Y 1011152 X 1399643  Y 1013120
X 1259935  Y 1032061 X 1261904  Y 1032061
X 1279935  Y 1032061 X 1281904  Y 1032061
X 1260078  Y 1009310 X 1262047  Y 1009310
X 1280078  Y 1009310 X 1282047  Y 1009310

End of Listing
